<?xml version="1.0" encoding="UTF-8"?>
<!-- Generated by org.testng.reporters.JUnitXMLReporter -->
<testsuite hostname="197NODMB16796.local" ignored="0" name="-- automationtest selected Tests --" tests="2" failures="2" timestamp="27 Mar 2019 14:36:17 GMT" time="20.978" errors="0">
  <testcase name="searchAndVerifyList" time="10.509" classname="beam_Amazon_Auto.tests.HomeTest">
    <failure type="org.openqa.selenium.TimeoutException" message="Expected condition failed: waiting for visibility of element located by By.xpath: //input[@type=&amp;apos;text&amp;apos; and @id=&amp;apos;twotabsearchtextbox&amp;apos;] (tried for 10 second(s) with 500 milliseconds interval)">
      <![CDATA[org.openqa.selenium.TimeoutException: Expected condition failed: waiting for visibility of element located by By.xpath: //input[@type='text' and @id='twotabsearchtextbox'] (tried for 10 second(s) with 500 milliseconds interval)
at org.openqa.selenium.support.ui.WebDriverWait.timeoutException(WebDriverWait.java:113)
at org.openqa.selenium.support.ui.FluentWait.until(FluentWait.java:283)
at beam_Amazon_Auto.helpers.CustomWrappers.waitForVisible(CustomWrappers.java:41)
at beam_Amazon_Auto.helpers.CustomWrappers.waitAndEnterText(CustomWrappers.java:124)
at beam_Amazon_Auto.pageObjects.HomePage.searchForTheItem(HomePage.java:15)
at beam_Amazon_Auto.tests.HomeTest.searchAndVerifyList(HomeTest.java:26)
Caused by: org.openqa.selenium.NoSuchElementException: Cannot locate an element using By.xpath: //input[@type='text' and @id='twotabsearchtextbox']
For documentation on this error, please visit: http://seleniumhq.org/exceptions/no_such_element.html
Build info: version: '3.14.0', revision: 'aacccce0', time: '2018-08-02T20:19:58.91Z'
System info: host: '197NODMB16796.local', ip: 'fe80:0:0:0:c9f:984c:df12:311b%en0', os.name: 'Mac OS X', os.arch: 'x86_64', os.version: '10.13.3', java.version: '1.8.0_161'
Driver info: driver.version: unknown
at org.openqa.selenium.support.ui.ExpectedConditions.lambda$findElement$0(ExpectedConditions.java:896)
at java.util.Optional.orElseThrow(Optional.java:290)
at org.openqa.selenium.support.ui.ExpectedConditions.findElement(ExpectedConditions.java:895)
at org.openqa.selenium.support.ui.ExpectedConditions.access$000(ExpectedConditions.java:44)
at org.openqa.selenium.support.ui.ExpectedConditions$7.apply(ExpectedConditions.java:206)
at org.openqa.selenium.support.ui.ExpectedConditions$7.apply(ExpectedConditions.java:202)
at org.openqa.selenium.support.ui.FluentWait.until(FluentWait.java:260)
... 29 more
... Removed 25 stack frames]]>
    </failure>
  </testcase> <!-- searchAndVerifyList -->
  <testcase name="addtheItemTocart" time="10.421" classname="beam_Amazon_Auto.tests.AddToCartTest">
    <failure type="org.openqa.selenium.TimeoutException" message="Expected condition failed: waiting for visibility of element located by By.xpath: //input[@type=&amp;apos;text&amp;apos; and @id=&amp;apos;twotabsearchtextbox&amp;apos;] (tried for 10 second(s) with 500 milliseconds interval)">
      <![CDATA[org.openqa.selenium.TimeoutException: Expected condition failed: waiting for visibility of element located by By.xpath: //input[@type='text' and @id='twotabsearchtextbox'] (tried for 10 second(s) with 500 milliseconds interval)
at org.openqa.selenium.support.ui.WebDriverWait.timeoutException(WebDriverWait.java:113)
at org.openqa.selenium.support.ui.FluentWait.until(FluentWait.java:283)
at beam_Amazon_Auto.helpers.CustomWrappers.waitForVisible(CustomWrappers.java:41)
at beam_Amazon_Auto.helpers.CustomWrappers.waitAndEnterText(CustomWrappers.java:124)
at beam_Amazon_Auto.pageObjects.AddToCartPage.addToCart(AddToCartPage.java:18)
at beam_Amazon_Auto.tests.AddToCartTest.addtheItemTocart(AddToCartTest.java:24)
Caused by: org.openqa.selenium.NoSuchElementException: Cannot locate an element using By.xpath: //input[@type='text' and @id='twotabsearchtextbox']
For documentation on this error, please visit: http://seleniumhq.org/exceptions/no_such_element.html
Build info: version: '3.14.0', revision: 'aacccce0', time: '2018-08-02T20:19:58.91Z'
System info: host: '197NODMB16796.local', ip: 'fe80:0:0:0:c9f:984c:df12:311b%en0', os.name: 'Mac OS X', os.arch: 'x86_64', os.version: '10.13.3', java.version: '1.8.0_161'
Driver info: driver.version: unknown
at org.openqa.selenium.support.ui.ExpectedConditions.lambda$findElement$0(ExpectedConditions.java:896)
at java.util.Optional.orElseThrow(Optional.java:290)
at org.openqa.selenium.support.ui.ExpectedConditions.findElement(ExpectedConditions.java:895)
at org.openqa.selenium.support.ui.ExpectedConditions.access$000(ExpectedConditions.java:44)
at org.openqa.selenium.support.ui.ExpectedConditions$7.apply(ExpectedConditions.java:206)
at org.openqa.selenium.support.ui.ExpectedConditions$7.apply(ExpectedConditions.java:202)
at org.openqa.selenium.support.ui.FluentWait.until(FluentWait.java:260)
... 29 more
... Removed 25 stack frames]]>
    </failure>
  </testcase> <!-- addtheItemTocart -->
</testsuite> <!-- - automationtest selected Tests - -->
