<?xml version="1.0" encoding="UTF-8"?>
<!-- Generated by org.testng.reporters.JUnitXMLReporter -->
<testsuite hostname="197NODMB16796.local" ignored="0" name="Test1" tests="2" failures="1" timestamp="01 Apr 2019 10:55:07 GMT" time="51.588" errors="0">
  <testcase name="amazonPayViewStatement" time="6.419" classname="HomeTest">
    <failure type="java.lang.AssertionError">
      <![CDATA[java.lang.AssertionError
at HomeTest.amazonPayViewStatement(HomeTest.java:32)
... Removed 25 stack frames]]>
    </failure>
  </testcase> <!-- amazonPayViewStatement -->
  <testcase name="searchAndVerifyList" time="6.577" classname="HomeTest"/>
</testsuite> <!-- Test1 -->
