<?xml version="1.0" encoding="UTF-8"?>
<testng-results skipped="0" failed="1" ignored="0" total="2" passed="1">
  <reporter-output>
  </reporter-output>
  <suite name="Suite1" duration-ms="51588" started-at="2019-04-01T10:54:16Z" finished-at="2019-04-01T10:55:07Z">
    <groups>
    </groups>
    <test name="Test1" duration-ms="51588" started-at="2019-04-01T10:54:16Z" finished-at="2019-04-01T10:55:07Z">
      <class name="HomeTest">
        <test-method status="PASS" signature="initialization()[pri:0, instance:HomeTest@7dc3712]" name="initialization" is-config="true" duration-ms="17" started-at="2019-04-01T10:54:16Z" finished-at="2019-04-01T10:54:16Z">
          <reporter-output>
          </reporter-output>
        </test-method> <!-- initialization -->
        <test-method status="PASS" signature="driverSetup()[pri:0, instance:HomeTest@7dc3712]" name="driverSetup" is-config="true" duration-ms="37335" started-at="2019-04-01T10:54:16Z" finished-at="2019-04-01T10:54:53Z">
          <reporter-output>
          </reporter-output>
        </test-method> <!-- driverSetup -->
        <test-method status="PASS" signature="setup()[pri:0, instance:HomeTest@7dc3712]" name="setup" is-config="true" duration-ms="0" started-at="2019-04-01T10:54:53Z" finished-at="2019-04-01T10:54:53Z">
          <reporter-output>
          </reporter-output>
        </test-method> <!-- setup -->
        <test-method status="FAIL" signature="amazonPayViewStatement()[pri:1, instance:HomeTest@7dc3712]" name="amazonPayViewStatement" duration-ms="6419" started-at="2019-04-01T10:54:53Z" finished-at="2019-04-01T10:55:00Z">
          <exception class="java.lang.AssertionError">
            <full-stacktrace>
              <![CDATA[java.lang.AssertionError
at HomeTest.amazonPayViewStatement(HomeTest.java:32)
at sun.reflect.NativeMethodAccessorImpl.invoke0(Native Method)
at sun.reflect.NativeMethodAccessorImpl.invoke(NativeMethodAccessorImpl.java:62)
at sun.reflect.DelegatingMethodAccessorImpl.invoke(DelegatingMethodAccessorImpl.java:43)
at java.lang.reflect.Method.invoke(Method.java:498)
at org.testng.internal.MethodInvocationHelper.invokeMethod(MethodInvocationHelper.java:124)
at org.testng.internal.Invoker.invokeMethod(Invoker.java:583)
at org.testng.internal.Invoker.invokeTestMethod(Invoker.java:719)
at org.testng.internal.Invoker.invokeTestMethods(Invoker.java:989)
at org.testng.internal.TestMethodWorker.invokeTestMethods(TestMethodWorker.java:125)
at org.testng.internal.TestMethodWorker.run(TestMethodWorker.java:109)
at org.testng.TestRunner.privateRun(TestRunner.java:648)
at org.testng.TestRunner.run(TestRunner.java:505)
at org.testng.SuiteRunner.runTest(SuiteRunner.java:455)
at org.testng.SuiteRunner.runSequentially(SuiteRunner.java:450)
at org.testng.SuiteRunner.privateRun(SuiteRunner.java:415)
at org.testng.SuiteRunner.run(SuiteRunner.java:364)
at org.testng.SuiteRunnerWorker.runSuite(SuiteRunnerWorker.java:52)
at org.testng.SuiteRunnerWorker.run(SuiteRunnerWorker.java:84)
at org.testng.TestNG.runSuitesSequentially(TestNG.java:1208)
at org.testng.TestNG.runSuitesLocally(TestNG.java:1137)
at org.testng.TestNG.runSuites(TestNG.java:1049)
at org.testng.TestNG.run(TestNG.java:1017)
at org.testng.remote.AbstractRemoteTestNG.run(AbstractRemoteTestNG.java:114)
at org.testng.remote.RemoteTestNG.initAndRun(RemoteTestNG.java:251)
at org.testng.remote.RemoteTestNG.main(RemoteTestNG.java:77)
]]>
            </full-stacktrace>
          </exception> <!-- java.lang.AssertionError -->
          <reporter-output>
          </reporter-output>
        </test-method> <!-- amazonPayViewStatement -->
        <test-method status="PASS" signature="searchAndVerifyList()[pri:1, instance:HomeTest@7dc3712]" name="searchAndVerifyList" duration-ms="6577" started-at="2019-04-01T10:55:00Z" finished-at="2019-04-01T10:55:07Z">
          <reporter-output>
          </reporter-output>
        </test-method> <!-- searchAndVerifyList -->
        <test-method status="PASS" signature="tearDown()[pri:0, instance:HomeTest@7dc3712]" name="tearDown" is-config="true" duration-ms="536" started-at="2019-04-01T10:55:07Z" finished-at="2019-04-01T10:55:07Z">
          <reporter-output>
          </reporter-output>
        </test-method> <!-- tearDown -->
        <test-method status="PASS" signature="afterSuite()[pri:0, instance:HomeTest@7dc3712]" name="afterSuite" is-config="true" duration-ms="536" started-at="2019-04-01T10:55:07Z" finished-at="2019-04-01T10:55:08Z">
          <reporter-output>
          </reporter-output>
        </test-method> <!-- afterSuite -->
      </class> <!-- HomeTest -->
    </test> <!-- Test1 -->
  </suite> <!-- Suite1 -->
</testng-results>
